*****************************************************************
      SolidWorks Corporation - IGES Processor Status Report
*****************************************************************
=================================================================
General Information
=================================================================
Sending System Product I.D.  : Raspberry Pi Touch Screen Assembly
Receiving System Product I.D.: 
File Name                    : Raspberry Pi Touch Screen Assembly
Sending System               : unknown
Preprocessor Version         : unknown
File Creation Date           : 20160626.142043
Model Creation Date          : 
Units                        : MM
Model Space Scale            : 1
Author                       : unknown
Organization                 : unknown


=================================================================
Entity Processing Information
=================================================================


=================================================================
Precision analysis of IGES file:
=================================================================
  Most prevalent number of significant digits:              13
  Highest number of significant digits:                     14
  Average number of significant digits:                6.97479
  Maximum distance to origin:                          25.5736
  Minimum distance to origin:                                0
  Effective number of significant digits:                   14


=================================================================
Entity Summary
=================================================================
-----------------------------------------------------------------
Type Name                                         Count Converted
---- ----                                         ----- ---------
100  Arc                                              7         7
110  Line                                            41        41
120  Surface of revolution                           24        24
124  Transformation matrix                           19        19
126  Rational B-spline curve                       2704      2704
128  Rational B-spline surface                      988       988
141  Boundary                                        90        90
143  Bounded surface                                 82        82
186  Manifold Solid B-rep Object                      5         5
308  Subfigure definition                             8         8
314  Color definition                                16        16
406  Property                                        96        96
408  Singular subfigure instance                     14        14
502  Vertex list                                      5         5
504  Edge entity                                      5         5
508  Loop entity                                   1040      1040
510  Face entity                                    930       930
514  Shell entity                                     5         5
_________________________________________________________________


=================================================================
Result Summary
=================================================================
SolidWorks Feature Type                Count
-----------------------                -----
Solid feature(s)                       5
Surface feature(s)                     1
Curve/Sketch feature(s)                0
--------------------------------------------
Start time: Saturday, March 18, 2017 20:18:40
Finish time: Saturday, March 18, 2017 20:18:53
Processing time: 0 days, 00 hours, 00 mins, 13 secs
